<?xml version="1.0" encoding="UTF-8"?>
<!-- Generated by org.testng.reporters.JUnitXMLReporter -->
<testsuite ignored="1" hostname="AjayDhoreyLaptop" failures="1" tests="2" name="OrangeHRMInvalidLogin" time="9.406" errors="0" timestamp="2024-06-26T13:30:59 AEST">
  <testcase classname="Login.OrangeHRMDemo" name="launchApp" time="6.098"/>
  <testcase classname="Login.OrangeHRMDemo" name="invalidLoginDetails" time="3.144">
    <failure type="java.lang.AssertionError" message="The following asserts failed:
	expected [Invalid credentialss] but found [Invalid credentials]">
      <![CDATA[java.lang.AssertionError: The following asserts failed:
expected [Invalid credentialss] but found [Invalid credentials]
at Login.OrangeHRMDemo.invalidLoginDetails(OrangeHRMDemo.java:63)
at java.base/java.util.ArrayList.forEach(ArrayList.java:1511)
... Removed 29 stack frames]]>
    </failure>
  </testcase> <!-- invalidLoginDetails -->
  <testcase classname="Login.OrangeHRMDemo" name="enterLoginDetails" time="0.0">
    <ignored/>
  </testcase> <!-- enterLoginDetails -->
</testsuite> <!-- OrangeHRMInvalidLogin -->
